C51 COMPILER V9.54   MAIN                                                                  05/21/2025 14:40:37 PAGE 1   


C51 COMPILER V9.54, COMPILATION OF MODULE MAIN
OBJECT MODULE PLACED IN .\Objects\main.obj
COMPILER INVOKED BY: D:\Keli\C51\BIN\C51.EXE main.c OPTIMIZE(8,SPEED) BROWSE DEBUG OBJECTEXTEND PRINT(.\Listings\main.ls
                    -t) TABS(2) OBJECT(.\Objects\main.obj)

line level    source

   1          #include <REGX52.H>
   2          #include "Timer0.h"
   3          #include "Delay.h"
   4          #include "LCD1602.h"
   5          unsigned char sec,min,hour;
   6          void main()
   7          {
   8   1        LCD_Init();
   9   1        LCD_ShowString(1,1,"Clock:");
  10   1        LCD_ShowString(1,1,"  :  :");
  11   1        Timer0_Init();
  12   1        while(1)
  13   1        {
  14   2          LCD_ShowNum(2,1,hour,2);
  15   2          LCD_ShowNum(2,4,min,2);
  16   2          LCD_ShowNum(2,7,sec,2);
  17   2          
  18   2        }
  19   1        
  20   1        
  21   1        
  22   1      }
  23          void Timer0_Routine() interrupt 1
  24          {
  25   1        static unsigned int T0Count;
  26   1        TH0=0x18;//æ¯æ¬¡è¿›ä¸­æ–­éƒ½è¦é‡æ–°èµ‹å€¼åˆå§‹å€¼ï¼Œå› ä¸ºæ¯æ¬¡è¿›ä¸­æ–­æ˜¯å› ä¸ºæº¢å‡ºäº†ï¼Œè€Œæº¢å
             -‡ºäº†ä¹‹åŽä¼šå¯¼è‡´åŽŸå…ˆæ•°æ®é‡æ–°ä¸º0ï¼Œå¦‚æžœä¸èµ‹åˆå§‹å€¼åˆ™ä¼šå¯¼è‡´æ–°çš„è®¡æ—¶ä¸ä¸º1ms
  27   1        TL0=0xFC;
  28   1        T0Count++;
  29   1        if(T0Count>=1000)
  30   1        {
  31   2          T0Count=0;
  32   2          sec++;
  33   2          if(sec>=60)
  34   2          {
  35   3            sec=0;
  36   3            min++;
  37   3            if(min>=60)
  38   3            {
  39   4              min=0;
  40   4              hour++;
  41   4              if(hour>=24)
  42   4                hour=0;
  43   4            }
  44   3          }   
  45   2        }
  46   1      }


MODULE INFORMATION:   STATIC OVERLAYABLE
   CODE SIZE        =    150    ----
   CONSTANT SIZE    =     14    ----
   XDATA SIZE       =   ----    ----
   PDATA SIZE       =   ----    ----
C51 COMPILER V9.54   MAIN                                                                  05/21/2025 14:40:37 PAGE 2   

   DATA SIZE        =      5    ----
   IDATA SIZE       =   ----    ----
   BIT SIZE         =   ----    ----
END OF MODULE INFORMATION.


C51 COMPILATION COMPLETE.  0 WARNING(S),  0 ERROR(S)
