C51 COMPILER V9.54   MAIN                                                                  05/19/2025 18:22:44 PAGE 1   


C51 COMPILER V9.54, COMPILATION OF MODULE MAIN
OBJECT MODULE PLACED IN .\Objects\main.obj
COMPILER INVOKED BY: D:\Keli\C51\BIN\C51.EXE main.c OPTIMIZE(8,SPEED) BROWSE DEBUG OBJECTEXTEND PRINT(.\Listings\main.ls
                    -t) TABS(2) OBJECT(.\Objects\main.obj)

line level    source

   1          #include <REGX52.H>
   2          unsigned char LEDNum;
   3          void Delay1ms(int xms)    //@12.000MHz
   4          {
   5   1        unsigned char i, j;
   6   1        while(xms--){
   7   2        i = 12;
   8   2        j = 169;
   9   2        do
  10   2        {
  11   3          while (--j);
  12   3        } while (--i);
  13   2      }
  14   1      }
  15          
  16          void main()
  17          {
  18   1        P2=0x01;
  19   1        while(1)
  20   1        {
  21   2          if(P3_1==0)
  22   2          {
  23   3            Delay1ms(20);
  24   3            while(P3_1==0);
  25   3            Delay1ms(20);
  26   3            LEDNum++;
  27   3            if(LEDNum>=8)
  28   3            {
  29   4              LEDNum=0;
  30   4            }
  31   3            P2=~(0x01<<LEDNum);
  32   3          }
  33   2          if(P3_0==0)
  34   2          {
  35   3            Delay1ms(20);
  36   3            while(P3_0==0);
  37   3            Delay1ms(20);
  38   3            if(LEDNum==0)
  39   3              LEDNum=7;
  40   3            else
  41   3              LEDNum--;
  42   3            P2=~(0x01<<LEDNum);
  43   3          
  44   3        }
  45   2      }
  46   1        }


MODULE INFORMATION:   STATIC OVERLAYABLE
   CODE SIZE        =    109    ----
   CONSTANT SIZE    =   ----    ----
   XDATA SIZE       =   ----    ----
   PDATA SIZE       =   ----    ----
   DATA SIZE        =      1    ----
C51 COMPILER V9.54   MAIN                                                                  05/19/2025 18:22:44 PAGE 2   

   IDATA SIZE       =   ----    ----
   BIT SIZE         =   ----    ----
END OF MODULE INFORMATION.


C51 COMPILATION COMPLETE.  0 WARNING(S),  0 ERROR(S)
