C51 COMPILER V9.54   MAIN                                                                  05/19/2025 18:33:39 PAGE 1   


C51 COMPILER V9.54, COMPILATION OF MODULE MAIN
OBJECT MODULE PLACED IN .\Objects\main.obj
COMPILER INVOKED BY: D:\Keli\C51\BIN\C51.EXE main.c OPTIMIZE(8,SPEED) BROWSE DEBUG OBJECTEXTEND PRINT(.\Listings\main.ls
                    -t) TABS(2) OBJECT(.\Objects\main.obj)

line level    source

   1          #include <REGX52.H>
   2          unsigned char NixieTable[]={0x3F,0x06,0x5B,0x4F,0x66,0x6D,0x7D,0x07,0x7F,0x6F};
   3          void Nixie(unsigned char location,Number)
   4          {
   5   1        switch(location)
   6   1        {
   7   2          case 1:
   8   2            P2_4=1;P2_3=1;P2_2=1;break;
   9   2          case 2:
  10   2            P2_4=1;P2_3=1;P2_2=0;break;
  11   2          case 3:
  12   2            P2_4=1;P2_3=0;P2_2=1;break;
  13   2          case 4:
  14   2            P2_4=1;P2_3=0;P2_2=0;break;
  15   2          case 5:
  16   2            P2_4=0;P2_3=1;P2_2=1;break;
  17   2          case 6:
  18   2            P2_4=0;P2_3=1;P2_2=0;break;
  19   2          case 7:
  20   2            P2_4=0;P2_3=0;P2_2=1;break;
  21   2          case 8:
  22   2            P2_4=0;P2_3=0;P2_2=0;break;
  23   2        }
  24   1        P2=NixieTable[Number];
  25   1      }
  26          
  27          void main(){
  28   1          Nixie(7,2);
  29   1          while(1)
  30   1          {
  31   2            
  32   2          }
  33   1      }


MODULE INFORMATION:   STATIC OVERLAYABLE
   CODE SIZE        =    110    ----
   CONSTANT SIZE    =   ----    ----
   XDATA SIZE       =   ----    ----
   PDATA SIZE       =   ----    ----
   DATA SIZE        =     10    ----
   IDATA SIZE       =   ----    ----
   BIT SIZE         =   ----    ----
END OF MODULE INFORMATION.


C51 COMPILATION COMPLETE.  0 WARNING(S),  0 ERROR(S)
