C51 COMPILER V9.54   MAIN                                                                  05/19/2025 19:10:35 PAGE 1   


C51 COMPILER V9.54, COMPILATION OF MODULE MAIN
OBJECT MODULE PLACED IN .\Objects\main.obj
COMPILER INVOKED BY: D:\Keli\C51\BIN\C51.EXE main.c OPTIMIZE(8,SPEED) BROWSE DEBUG OBJECTEXTEND PRINT(.\Listings\main.ls
                    -t) TABS(2) OBJECT(.\Objects\main.obj)

line level    source

   1          #include <REGX52.H>
   2          
   3          unsigned char NixieTable[]={0x3F,0x06,0x5B,0x4F,0x66,0x6D,0x7D,0x07,0x7F,0x6F};
   4          void Delay(unsigned int xms)    //@12.000MHz
   5          {
   6   1        unsigned char i, j;
   7   1        while(xms--){
   8   2        i = 2;
   9   2        j = 239;
  10   2        do
  11   2        {
  12   3          while (--j);
  13   3        } while (--i);
  14   2      }
  15   1      }
  16          
  17          void Nixie(unsigned char location,Number)
  18          {
  19   1        switch(location)
  20   1        {
  21   2          case 1:
  22   2            P2_4=1;P2_3=1;P2_2=1;break;
  23   2          case 2:
  24   2            P2_4=1;P2_3=1;P2_2=0;break;
  25   2          case 3:
  26   2            P2_4=1;P2_3=0;P2_2=1;break;
  27   2          case 4:
  28   2            P2_4=1;P2_3=0;P2_2=0;break;
  29   2          case 5:
  30   2            P2_4=0;P2_3=1;P2_2=1;break;
  31   2          case 6:
  32   2            P2_4=0;P2_3=1;P2_2=0;break;
  33   2          case 7:
  34   2            P2_4=0;P2_3=0;P2_2=1;break;
  35   2          case 8:
  36   2            P2_4=0;P2_3=0;P2_2=0;break;
  37   2        }
  38   1        P0=NixieTable[Number];
  39   1        Delay(1);// πµ√ ˝¬Îπ‹ø…“‘œ‘ æµƒ∏¸º”√˜¡¡°
  40   1        P0=0x00;
  41   1      }
  42          void main()
  43          {
  44   1        while(1){
  45   2          Nixie(1,1);
  46   2          Nixie(2,2);
  47   2          Nixie(3,3);
  48   2        }
  49   1      }


MODULE INFORMATION:   STATIC OVERLAYABLE
   CODE SIZE        =    159    ----
   CONSTANT SIZE    =   ----    ----
C51 COMPILER V9.54   MAIN                                                                  05/19/2025 19:10:35 PAGE 2   

   XDATA SIZE       =   ----    ----
   PDATA SIZE       =   ----    ----
   DATA SIZE        =     10    ----
   IDATA SIZE       =   ----    ----
   BIT SIZE         =   ----    ----
END OF MODULE INFORMATION.


C51 COMPILATION COMPLETE.  0 WARNING(S),  0 ERROR(S)
