C51 COMPILER V9.54   MAIN                                                                  05/19/2025 20:58:21 PAGE 1   


C51 COMPILER V9.54, COMPILATION OF MODULE MAIN
OBJECT MODULE PLACED IN .\Objects\main.obj
COMPILER INVOKED BY: D:\Keli\C51\BIN\C51.EXE main.c OPTIMIZE(8,SPEED) BROWSE DEBUG OBJECTEXTEND PRINT(.\Listings\main.ls
                    -t) TABS(2) OBJECT(.\Objects\main.obj)

line level    source

   1          #include <REGX52.H>
   2          #include "Delay.h"
   3          #include "LCD1602.h"
   4          #include "MatrixKey.h"
   5          
   6          unsigned char KeyNum;
   7          unsigned int Password,Count;
   8          void main(){
   9   1        LCD_Init();
  10   1        LCD_ShowString(1,1,"Password:");
  11   1        while(1)
  12   1        {
  13   2          KeyNum=MatrixKey();
  14   2          if(KeyNum)
  15   2          {
  16   3            if(KeyNum<=10)  //s1-s10密码区
  17   3            {
  18   4              if(Count<4)
  19   4                {
  20   5                Password*=10; //密码左移1位
  21   5                Password+=KeyNum%10;  //获取一位密码
  22   5                Count++;  
  23   5                }
  24   4              LCD_ShowNum(2,1,Password,4);  
  25   4            }
  26   3            if(KeyNum==11)  //如果s11按键按下，表示确认
  27   3          {
  28   4            if(Password==2345)  //如果密码等于正确密码，显示ok
  29   4            {
  30   5              LCD_ShowString(1,14,"OK ");
  31   5              Password=0;
  32   5              Count=0;
  33   5              LCD_ShowNum(2,1,Password,4);
  34   5            }
  35   4            else {
  36   5              LCD_ShowString(1,14,"ERR");
  37   5              Password=0;
  38   5              Count=0;
  39   5              LCD_ShowNum(2,1,Password,4);
  40   5            }
  41   4          }
  42   3          if(KeyNum==12)
  43   3          {
  44   4            Password=0;
  45   4            Count=0;
  46   4            LCD_ShowNum(2,1,Password,4);
  47   4          }
  48   3          }
  49   2      
  50   2      }
  51   1      }


MODULE INFORMATION:   STATIC OVERLAYABLE
C51 COMPILER V9.54   MAIN                                                                  05/19/2025 20:58:21 PAGE 2   

   CODE SIZE        =    189    ----
   CONSTANT SIZE    =     18    ----
   XDATA SIZE       =   ----    ----
   PDATA SIZE       =   ----    ----
   DATA SIZE        =      5    ----
   IDATA SIZE       =   ----    ----
   BIT SIZE         =   ----    ----
END OF MODULE INFORMATION.


C51 COMPILATION COMPLETE.  0 WARNING(S),  0 ERROR(S)
