C51 COMPILER V9.54   MAIN                                                                  05/19/2025 16:16:43 PAGE 1   


C51 COMPILER V9.54, COMPILATION OF MODULE MAIN
OBJECT MODULE PLACED IN .\Objects\main.obj
COMPILER INVOKED BY: D:\Keli\C51\BIN\C51.EXE main.c OPTIMIZE(8,SPEED) BROWSE DEBUG OBJECTEXTEND PRINT(.\Listings\main.ls
                    -t) TABS(2) OBJECT(.\Objects\main.obj)

line level    source

   1          #include <REGX52.H>
   2          void Delay1ms(int xms)    //@12.000MHz
   3          {
   4   1        unsigned char i, j;
   5   1        while(xms){
   6   2        i = 12;
   7   2        j = 169;
   8   2        do
   9   2        {
  10   3          while (--j);
  11   3        } while (--i);
  12   2        xms--;
  13   2      }
  14   1      }
  15          
  16          void main(){
  17   1        unsigned char LEDNum=0;//unsigned char为8位，一般表示某个寄存器
  18   1        while(1){
  19   2          if(P3_1==0){
  20   3            Delay1ms(20);
  21   3            while(P3_1==0);
  22   3            Delay1ms(20);
  23   3            
  24   3            LEDNum++;
  25   3            P2=~LEDNum;
  26   3      }
*** ERROR C141 IN LINE 26 OF main.c: syntax error near ''

C51 COMPILATION COMPLETE.  0 WARNING(S),  1 ERROR(S)
