C51 COMPILER V9.54   KEY                                                                   05/21/2025 14:28:46 PAGE 1   


C51 COMPILER V9.54, COMPILATION OF MODULE KEY
OBJECT MODULE PLACED IN .\Objects\Key.obj
COMPILER INVOKED BY: D:\Keli\C51\BIN\C51.EXE Key.c OPTIMIZE(8,SPEED) BROWSE DEBUG OBJECTEXTEND PRINT(.\Listings\Key.lst)
                    - TABS(2) OBJECT(.\Objects\Key.obj)

line level    source

   1          #include <REGX52.H>
   2          #include "Delay.h"
   3          /**
   4            * @brief  获取独立按键键码
   5            * @param 无
   6            * @retval 按下按键的键码，范围0-4.
   7            */
   8          unsigned char Key()
   9          {
  10   1        unsigned char KeyNumber=0;
  11   1        if(P3_1==0)
  12   1        {delay(20);
  13   2          while(P2_1==0);
  14   2          delay(20);
  15   2          KeyNumber=1;
  16   2        }
  17   1        if(P3_0==0)
  18   1        {delay(20);
  19   2          while(P2_0==0);
  20   2          delay(20);
  21   2          KeyNumber=2;
  22   2        }
  23   1        if(P3_2==0)
  24   1        {delay(20);
  25   2          while(P2_2==0);
  26   2          delay(20);
  27   2          KeyNumber=3;
  28   2        }
  29   1        if(P3_3==0)
  30   1        {delay(20);
  31   2          while(P2_3==0);
  32   2          delay(20);
  33   2          KeyNumber=4;
  34   2        }
  35   1        
  36   1        
  37   1        
  38   1        
  39   1        return KeyNumber;
  40   1      }


MODULE INFORMATION:   STATIC OVERLAYABLE
   CODE SIZE        =     97    ----
   CONSTANT SIZE    =   ----    ----
   XDATA SIZE       =   ----    ----
   PDATA SIZE       =   ----    ----
   DATA SIZE        =   ----       1
   IDATA SIZE       =   ----    ----
   BIT SIZE         =   ----    ----
END OF MODULE INFORMATION.


C51 COMPILATION COMPLETE.  0 WARNING(S),  0 ERROR(S)
