C51 COMPILER V9.54   MAIN                                                                  05/21/2025 14:29:15 PAGE 1   


C51 COMPILER V9.54, COMPILATION OF MODULE MAIN
OBJECT MODULE PLACED IN .\Objects\main.obj
COMPILER INVOKED BY: D:\Keli\C51\BIN\C51.EXE main.c OPTIMIZE(8,SPEED) BROWSE DEBUG OBJECTEXTEND PRINT(.\Listings\main.ls
                    -t) TABS(2) OBJECT(.\Objects\main.obj)

line level    source

   1          #include <REGX52.H>
   2          #include "Timer0.h"
   3          #include "Key.h"
   4          #include <INTRINS.h>
   5          unsigned char KeyNum,LedMode;
   6          void main()
   7          {
   8   1        P2=0xFE;
   9   1        Timer0_Init();
  10   1        while(1)
  11   1        {
  12   2          KeyNum=Key();
  13   2          if(KeyNum)
  14   2          {
  15   3            if(KeyNum==1)
  16   3            {
  17   4              LedMode++;
  18   4              if(LedMode>=2)LedMode=0;
  19   4            }
  20   3          
  21   3        }
  22   2        
  23   2      }
  24   1      }
  25          
  26          void Timer0_Routine() interrupt 1
  27          {
  28   1        static unsigned int T0Count;
  29   1        TH0=0x18;//æ¯æ¬¡è¿›ä¸­æ–­éƒ½è¦é‡æ–°èµ‹å€¼åˆå§‹å€¼ï¼Œå› ä¸ºæ¯æ¬¡è¿›ä¸­æ–­æ˜¯å› ä¸ºæº¢å‡ºäº†ï¼Œè€Œæº¢å
             -‡ºäº†ä¹‹åŽä¼šå¯¼è‡´åŽŸå…ˆæ•°æ®é‡æ–°ä¸º0ï¼Œå¦‚æžœä¸èµ‹åˆå§‹å€¼åˆ™ä¼šå¯¼è‡´æ–°çš„è®¡æ—¶ä¸ä¸º1ms
  30   1        TL0=0xFC;
  31   1        T0Count++;
  32   1        if(T0Count>=500)
  33   1        {
  34   2          T0Count=0;
  35   2          if(LedMode==0)
  36   2            P2=_crol_(P2,1);
  37   2          if(LedMode==1)
  38   2            P2=_cror_(P2,1);
  39   2        }
  40   1      }


MODULE INFORMATION:   STATIC OVERLAYABLE
   CODE SIZE        =    116    ----
   CONSTANT SIZE    =   ----    ----
   XDATA SIZE       =   ----    ----
   PDATA SIZE       =   ----    ----
   DATA SIZE        =      4    ----
   IDATA SIZE       =   ----    ----
   BIT SIZE         =   ----    ----
END OF MODULE INFORMATION.


C51 COMPILATION COMPLETE.  0 WARNING(S),  0 ERROR(S)
