C51 COMPILER V9.54   TIMER0                                                                05/21/2025 14:13:23 PAGE 1   


C51 COMPILER V9.54, COMPILATION OF MODULE TIMER0
OBJECT MODULE PLACED IN .\Objects\Timer0.obj
COMPILER INVOKED BY: D:\Keli\C51\BIN\C51.EXE Timer0.c OPTIMIZE(8,SPEED) BROWSE DEBUG OBJECTEXTEND PRINT(.\Listings\Timer
                    -0.lst) TABS(2) OBJECT(.\Objects\Timer0.obj)

line level    source

   1          #include <REGX52.H>
   2          /**
   3            * @brief  å®šæ—¶å™¨0åˆå§‹åŒ–ï¼Œ1ms
   4            * @param  æ— 
   5            * @retval 
   6            */
   7          
   8          void Timer0_Init()
   9          {
  10   1        //TMOD=0x01; ä¸ä½¿ç”¨ç›´æŽ¥èµ‹å€¼ä»£ç ï¼Œå› ä¸ºå¦‚æžœæœ‰å…¶ä»–çš„ç¨‹åºç¼–è¾‘äº†å®šæ—¶å™¨1ï¼Œç›´æŽ¥æ“ä
             -½œä¼šå¯¼è‡´å®šæ—¶å™¨1çš„é…ç½®è¢«ç›´æŽ¥æŠ¹é™¤æŽ‰
  11   1        TMOD=TMOD&0xF0;//é«˜4ä½ä¿æŒä¸å˜ï¼Œç¬¬å››ä½æ¸…é›¶
  12   1        TMOD=TMOD|0x01;//TOMDæœ€ä½Žä½ç½®1
  13   1        TF0=0;
  14   1        TR0=1;
  15   1        TH0=0x18;
  16   1        TL0=0xFC;//ä¸ºä»€ä¹ˆæ—¶64535ï¼Ÿå› ä¸ºæ€»å…±å¯è®¡æ—¶æ—¶é—´ä½65535nsï¼Œå·®1000nså³1mså³å¯è¿›è¡Œè·³è½¬
  17   1        ET0=1;
  18   1        EA=1;
  19   1        PT0=0;
  20   1      }
  21          
  22          /* TIMER0ä¸­æ–­æ¨¡æ¿
  23          void Timer0_Routine() interrupt 1
  24          {
  25            static unsigned int T0Count;
  26            TH0=0x18;//æ¯æ¬¡è¿›ä¸­æ–­éƒ½è¦é‡æ–°èµ‹å€¼åˆå§‹å€¼ï¼Œå› ä¸ºæ¯æ¬¡è¿›ä¸­æ–­æ˜¯å› ä¸ºæº¢å‡ºäº†ï¼Œè€Œæº¢å
             -‡ºäº†ä¹‹åŽä¼šå¯¼è‡´åŽŸå…ˆæ•°æ®é‡æ–°ä¸º0ï¼Œå¦‚æžœä¸èµ‹åˆå§‹å€¼åˆ™ä¼šå¯¼è‡´æ–°çš„è®¡æ—¶ä¸ä¸º1ms
  27            TL0=0xFC;
  28            T0Count++;
  29            if(T0Count>=1000)
  30            {
  31              T0Count=0;
  32            }
  33          }*/


MODULE INFORMATION:   STATIC OVERLAYABLE
   CODE SIZE        =     23    ----
   CONSTANT SIZE    =   ----    ----
   XDATA SIZE       =   ----    ----
   PDATA SIZE       =   ----    ----
   DATA SIZE        =   ----    ----
   IDATA SIZE       =   ----    ----
   BIT SIZE         =   ----    ----
END OF MODULE INFORMATION.


C51 COMPILATION COMPLETE.  0 WARNING(S),  0 ERROR(S)
