C51 COMPILER V9.54   MATRIXKEY                                                             05/19/2025 20:39:01 PAGE 1   


C51 COMPILER V9.54, COMPILATION OF MODULE MATRIXKEY
OBJECT MODULE PLACED IN .\Objects\MatrixKey.obj
COMPILER INVOKED BY: D:\Keli\C51\BIN\C51.EXE MatrixKey.c OPTIMIZE(8,SPEED) BROWSE DEBUG OBJECTEXTEND PRINT(.\Listings\Ma
                    -trixKey.lst) TABS(2) OBJECT(.\Objects\MatrixKey.obj)

line level    source

   1          #include <REGX52.H>
   2          #include "Delay.h"
   3          /**
   4            * @brief  çŸ©é˜µé”®ç›˜è¯»å–æŒ‰é”®é”®ç 
   5            * @param æ— 
   6            * @retval KeyNumber æŒ‰ä¸‹æŒ‰é”®çš„é”®ç å€¼
   7            *      å¦‚æœæŒ‰é”®æŒ‰ä¸‹ä¸æ”¾ï¼Œç¨‹åºä¼šåœç•™åœ¨æ­¤å‡½æ•°ï¼Œæ¾æ‰‹çš„ä¸€ç¬é—´ï¼Œè¿”å›æŒ‰é”®é”®ç ï
             -¼Œæ²¡æœ‰æŒ‰é”®æŒ‰ä¸‹æ—¶è¿”å›0
   8            */
   9          unsigned char MatrixKey()
  10          {
  11   1        unsigned char KeyNumber=0;
  12   1        P1=0xFF;
  13   1        P1_3=0;
  14   1        if(P1_7==0){delay(20);while(P1_7==0);delay(20);KeyNumber=1;}
  15   1        if(P1_6==0){delay(20);while(P1_6==0);delay(20);KeyNumber=5;}
  16   1        if(P1_5==0){delay(20);while(P1_5==0);delay(20);KeyNumber=9;}
  17   1        if(P1_4==0){delay(20);while(P1_4==0);delay(20);KeyNumber=13;}
  18   1          P1=0xFF;
  19   1        P1_2=0;
  20   1        if(P1_7==0){delay(20);while(P1_7==0);delay(20);KeyNumber=2;}
  21   1        if(P1_6==0){delay(20);while(P1_6==0);delay(20);KeyNumber=6;}
  22   1        if(P1_5==0){delay(20);while(P1_5==0);delay(20);KeyNumber=10;}
  23   1        if(P1_4==0){delay(20);while(P1_4==0);delay(20);KeyNumber=14;}
  24   1          P1=0xFF;
  25   1        P1_1=0;
  26   1        if(P1_7==0){delay(20);while(P1_7==0);delay(20);KeyNumber=3;}
  27   1        if(P1_6==0){delay(20);while(P1_6==0);delay(20);KeyNumber=7;}
  28   1        if(P1_5==0){delay(20);while(P1_5==0);delay(20);KeyNumber=11;}
  29   1        if(P1_4==0){delay(20);while(P1_4==0);delay(20);KeyNumber=15;}
  30   1          P1=0xFF;
  31   1        P1_0=0;
  32   1        if(P1_7==0){delay(20);while(P1_7==0);delay(20);KeyNumber=4;}
  33   1        if(P1_6==0){delay(20);while(P1_6==0);delay(20);KeyNumber=8;}
  34   1        if(P1_5==0){delay(20);while(P1_5==0);delay(20);KeyNumber=12;}
  35   1        if(P1_4==0){delay(20);while(P1_4==0);delay(20);KeyNumber=16;}
  36   1          
  37   1        return KeyNumber;
  38   1      }


MODULE INFORMATION:   STATIC OVERLAYABLE
   CODE SIZE        =    393    ----
   CONSTANT SIZE    =   ----    ----
   XDATA SIZE       =   ----    ----
   PDATA SIZE       =   ----    ----
   DATA SIZE        =   ----       1
   IDATA SIZE       =   ----    ----
   BIT SIZE         =   ----    ----
END OF MODULE INFORMATION.


C51 COMPILATION COMPLETE.  0 WARNING(S),  0 ERROR(S)
