C51 COMPILER V9.54   MAIN                                                                  05/17/2025 19:30:53 PAGE 1   


C51 COMPILER V9.54, COMPILATION OF MODULE MAIN
OBJECT MODULE PLACED IN .\Objects\main.obj
COMPILER INVOKED BY: D:\Keli\C51\BIN\C51.EXE main.c OPTIMIZE(8,SPEED) BROWSE DEBUG OBJECTEXTEND PRINT(.\Listings\main.ls
                    -t) TABS(2) OBJECT(.\Objects\main.obj)

line level    source

   1          #include <REGX52.H>
   2          #include <INTRINS.H>
   3          void Delay1ms(int xms)    //@12.000MHz
   4          {
   5   1        unsigned char i, j;
   6   1        while(xms)
   7   1        {
   8   2          i = 2;
   9   2        j = 239;
  10   2        do
  11   2        {
  12   3          while (--j);
  13   3        } while (--i);
  14   2        xms--;
  15   2        }
  16   1        
  17   1      }
  18          
  19          
  20          void main(){
  21   1        while(1)
  22   1        {
  23   2          P2=0xFE;
  24   2          Delay1ms(500);
  25   2          P2=0xFD;
  26   2          Delay1ms(500);
  27   2          P2=0xFB;
  28   2          Delay1ms(500);
  29   2          P2=0xF7;
  30   2          Delay1ms(500);
  31   2          P2=0xEF;
  32   2          Delay1ms(500);
  33   2          P2=0xDF;
  34   2          Delay1ms(500);
  35   2          P2=0xBF;
  36   2          Delay1ms(500);
  37   2          P2=0x7F;
  38   2          Delay1ms(500);
  39   2        }
  40   1      }
  41          


MODULE INFORMATION:   STATIC OVERLAYABLE
   CODE SIZE        =     74    ----
   CONSTANT SIZE    =   ----    ----
   XDATA SIZE       =   ----    ----
   PDATA SIZE       =   ----    ----
   DATA SIZE        =   ----    ----
   IDATA SIZE       =   ----    ----
   BIT SIZE         =   ----    ----
END OF MODULE INFORMATION.


C51 COMPILATION COMPLETE.  0 WARNING(S),  0 ERROR(S)
