C51 COMPILER V9.54   MAIN                                                                  05/18/2025 16:12:54 PAGE 1   


C51 COMPILER V9.54, COMPILATION OF MODULE MAIN
OBJECT MODULE PLACED IN .\Objects\main.obj
COMPILER INVOKED BY: D:\Keli\C51\BIN\C51.EXE main.c OPTIMIZE(8,SPEED) BROWSE DEBUG OBJECTEXTEND PRINT(.\Listings\main.ls
                    -t) TABS(2) OBJECT(.\Objects\main.obj)

line level    source

   1          #include <REGX52.H>
   2          
   3          void main(){
   4   1        //P2_0=0; P2寄存器的第一位，因为led灯一边接的时高电平，寄存器输出低电平才可点亮led
   5   1        //P2_0=1;
   6   1        while(1)
   7   1          {
   8   2            if(P3_1==0)//按下时，因为开关连接负电平，此时读取数据为0
   9   2            {
  10   3              P2_0=0;
  11   3            }
  12   2            else
  13   2            {
  14   3              P2_0=1;
  15   3            }
  16   2          }
  17   1      }


MODULE INFORMATION:   STATIC OVERLAYABLE
   CODE SIZE        =     11    ----
   CONSTANT SIZE    =   ----    ----
   XDATA SIZE       =   ----    ----
   PDATA SIZE       =   ----    ----
   DATA SIZE        =   ----    ----
   IDATA SIZE       =   ----    ----
   BIT SIZE         =   ----    ----
END OF MODULE INFORMATION.


C51 COMPILATION COMPLETE.  0 WARNING(S),  0 ERROR(S)
